2025-03-07 11:52:16,124 - simpleExample - INFO - --------------------------Iniciando programa--------------------------
2025-03-07 11:52:16,124 - simpleExample - INFO - Inicializando País 1
2025-03-07 11:52:16,125 - simpleExample - INFO - Inicializando País 2
2025-03-07 11:52:16,125 - simpleExample - INFO - Spain ha hecho una exigencia y pierde confianza ahora tiene 52
2025-03-07 11:52:17,125 - simpleExample - INFO - Ukraine ha cedido ante una exigencia y gana confianza ahora tiene 48
2025-03-07 11:52:18,126 - simpleExample - INFO - Spain ha cedido ante una exigencia y gana confianza ahora tiene 57
2025-03-07 11:52:19,127 - simpleExample - INFO - Ukraine ha salido y pierde toda su confianza ahora tiene 0
2025-03-07 11:53:27,145 - simpleExample - INFO - --------------------------Iniciando programa--------------------------
2025-03-07 11:53:27,145 - simpleExample - INFO - Inicializando País 1
2025-03-07 11:53:27,145 - simpleExample - INFO - Inicializando País 2
2025-03-07 11:53:27,145 - simpleExample - INFO - Spain ha cedido ante una exigencia y gana confianza ahora tiene 53
2025-03-07 11:53:28,145 - simpleExample - INFO - Ukraine ha cedido ante una exigencia y gana confianza ahora tiene 46
2025-03-07 11:53:29,892 - simpleExample - INFO - --------------------------Iniciando programa--------------------------
2025-03-07 11:53:29,892 - simpleExample - INFO - Inicializando País 1
2025-03-07 11:53:29,892 - simpleExample - INFO - Inicializando País 2
2025-03-07 11:53:29,892 - simpleExample - INFO - Spain ha hecho una exigencia y pierde confianza ahora tiene 39
2025-03-07 11:53:30,892 - simpleExample - INFO - Ukraine ha hecho una exigencia y pierde confianza ahora tiene 47
2025-03-07 11:53:32,167 - simpleExample - INFO - --------------------------Iniciando programa--------------------------
2025-03-07 11:53:32,167 - simpleExample - INFO - Inicializando País 1
2025-03-07 11:53:32,167 - simpleExample - INFO - Inicializando País 2
2025-03-07 11:53:32,167 - simpleExample - INFO - Spain ha cedido ante una exigencia y gana confianza ahora tiene 64
2025-03-07 11:53:33,167 - simpleExample - INFO - EEUU ha cedido ante una exigencia y gana confianza ahora tiene 58
2025-03-07 11:53:35,517 - simpleExample - INFO - --------------------------Iniciando programa--------------------------
2025-03-07 11:53:35,517 - simpleExample - INFO - Inicializando País 1
2025-03-07 11:53:35,517 - simpleExample - INFO - Inicializando País 2
2025-03-07 11:53:35,517 - simpleExample - INFO - Spain ha cedido ante una exigencia y gana confianza ahora tiene 53
2025-03-07 11:53:36,518 - simpleExample - INFO - EEUU ha cedido ante una exigencia y gana confianza ahora tiene 64
2025-03-07 11:53:37,518 - simpleExample - INFO - EEUU ha cedido ante una exigencia y gana confianza ahora tiene 69
2025-03-07 11:53:38,519 - simpleExample - INFO - Spain ha hecho una exigencia y pierde confianza ahora tiene 48
2025-03-07 11:53:39,520 - simpleExample - INFO - A partir de ahora responderemos a las posibles preguntas y al final de cada reunión
2025-03-07 11:53:39,520 - simpleExample - INFO - EEUU ha hecho una exigencia y pierde confianza ahora tiene 64
2025-03-07 11:53:40,849 - simpleExample - INFO - Spain ha cedido ante una exigencia y gana confianza ahora tiene 53
2025-03-07 11:53:41,850 - simpleExample - INFO - Spain ha hecho una exigencia y pierde confianza ahora tiene 48
2025-03-07 11:53:43,107 - simpleExample - INFO - Spain ha hecho una exigencia y pierde confianza ahora tiene 43
2025-03-07 11:53:44,108 - simpleExample - INFO - EEUU ha hecho una exigencia y pierde confianza ahora tiene 59
2025-03-07 11:53:45,446 - simpleExample - INFO - Spain ha hecho una exigencia y pierde confianza ahora tiene 38
2025-03-07 11:53:46,447 - simpleExample - INFO - EEUU ha cedido ante una exigencia y gana confianza ahora tiene 64
2025-03-07 11:53:47,526 - simpleExample - INFO - --------------------------Iniciando programa--------------------------
2025-03-07 11:53:47,526 - simpleExample - INFO - Inicializando País 1
2025-03-07 11:53:47,527 - simpleExample - INFO - Inicializando País 2
2025-03-07 11:53:47,527 - simpleExample - INFO - Ukraine ha cedido ante una exigencia y gana confianza ahora tiene 62
2025-03-07 11:53:48,527 - simpleExample - INFO - Spain ha cedido ante una exigencia y gana confianza ahora tiene 48
2025-03-07 11:53:49,528 - simpleExample - INFO - Spain ha cedido ante una exigencia y gana confianza ahora tiene 53
2025-03-07 11:53:50,529 - simpleExample - INFO - Spain ha hecho una exigencia y pierde confianza ahora tiene 48
2025-03-07 11:53:51,530 - simpleExample - INFO - A partir de ahora responderemos a las posibles preguntas y al final de cada reunión
2025-03-07 11:53:51,530 - simpleExample - INFO - Spain ha hecho una exigencia y pierde confianza ahora tiene 43
2025-03-07 11:53:52,531 - simpleExample - INFO - Ukraine ha cedido ante una exigencia y gana confianza ahora tiene 67
2025-03-07 11:53:53,532 - simpleExample - INFO - Ukraine ha cedido ante una exigencia y gana confianza ahora tiene 72
2025-03-07 11:53:54,533 - simpleExample - INFO - Spain ha hecho una exigencia y pierde confianza ahora tiene 38
2025-03-07 11:53:55,534 - simpleExample - INFO - Spain ha cedido ante una exigencia y gana confianza ahora tiene 43
2025-03-07 11:53:57,037 - simpleExample - INFO - Ukraine ha cedido ante una exigencia y gana confianza ahora tiene 77
2025-03-07 11:53:58,038 - simpleExample - INFO - Ukraine ha hecho una exigencia y pierde confianza ahora tiene 72
2025-03-07 11:53:59,039 - simpleExample - INFO - Ukraine ha cedido ante una exigencia y gana confianza ahora tiene 77
2025-03-07 11:54:00,039 - simpleExample - INFO - Ukraine ha cedido ante una exigencia y gana confianza ahora tiene 82
2025-03-07 11:54:01,040 - simpleExample - INFO - Ukraine ha hecho una exigencia y pierde confianza ahora tiene 77
2025-03-07 11:54:02,041 - simpleExample - INFO - Ukraine ha cedido ante una exigencia y gana confianza ahora tiene 82
2025-03-07 11:54:03,041 - simpleExample - INFO - Spain ha hecho una exigencia y pierde confianza ahora tiene 38
2025-03-07 11:54:04,042 - simpleExample - INFO - Spain ha hecho una exigencia y pierde confianza ahora tiene 33
2025-03-07 11:54:05,043 - simpleExample - INFO - Spain ha hecho una exigencia y pierde confianza ahora tiene 28
2025-03-07 11:54:06,044 - simpleExample - INFO - Ukraine ha cedido ante una exigencia y gana confianza ahora tiene 87
2025-03-07 11:54:07,045 - simpleExample - INFO - Spain ha hecho una exigencia y pierde confianza ahora tiene 23
2025-03-07 11:54:08,282 - simpleExample - INFO - Ukraine ha hecho una exigencia y pierde confianza ahora tiene 82
2025-03-07 11:54:09,777 - simpleExample - INFO - Ukraine ha cedido ante una exigencia y gana confianza ahora tiene 87
2025-03-07 11:54:10,777 - simpleExample - INFO - Ukraine ha hecho una exigencia y pierde confianza ahora tiene 82
2025-03-07 11:54:11,779 - simpleExample - INFO - Ukraine ha hecho una exigencia y pierde confianza ahora tiene 77
2025-03-07 11:54:13,117 - simpleExample - INFO - Spain ha cedido ante una exigencia y gana confianza ahora tiene 28
2025-03-07 11:54:14,118 - simpleExample - INFO - Ukraine ha cedido ante una exigencia y gana confianza ahora tiene 82
2025-03-07 11:54:15,119 - simpleExample - INFO - Spain ha hecho una exigencia y pierde confianza ahora tiene 23
2025-03-07 11:54:16,304 - simpleExample - INFO - Ukraine ha cedido ante una exigencia y gana confianza ahora tiene 87
2025-03-07 11:54:17,490 - simpleExample - INFO - Ukraine ha cedido ante una exigencia y gana confianza ahora tiene 92
2025-03-07 11:54:18,678 - simpleExample - INFO - Ukraine ha hecho una exigencia y pierde confianza ahora tiene 87
2025-03-07 11:54:19,679 - simpleExample - INFO - Confianza demasiado baja
2025-03-07 11:54:20,681 - simpleExample - INFO - Confianza demasiado baja
2025-03-07 11:54:21,865 - simpleExample - INFO - Ukraine ha hecho una exigencia y pierde confianza ahora tiene 82
2025-03-07 11:54:23,319 - simpleExample - INFO - Ukraine ha hecho una exigencia y pierde confianza ahora tiene 77
2025-03-07 11:54:24,319 - simpleExample - INFO - Ukraine ha cedido ante una exigencia y gana confianza ahora tiene 82
2025-03-07 11:54:25,487 - simpleExample - INFO - Spain ha cedido ante una exigencia y gana confianza ahora tiene 18
2025-03-07 11:54:26,487 - simpleExample - INFO - Ukraine ha hecho una exigencia y pierde confianza ahora tiene 77
2025-03-07 11:54:27,488 - simpleExample - INFO - Confianza demasiado baja
2025-03-07 11:54:28,489 - simpleExample - INFO - Ukraine ha hecho una exigencia y pierde confianza ahora tiene 72
2025-03-07 11:54:29,490 - simpleExample - INFO - Spain ha cedido ante una exigencia y gana confianza ahora tiene 18
2025-03-07 11:54:31,094 - simpleExample - INFO - Spain ha cedido ante una exigencia y gana confianza ahora tiene 23
2025-03-07 11:54:32,095 - simpleExample - INFO - Ukraine ha cedido ante una exigencia y gana confianza ahora tiene 77
2025-03-07 11:54:33,598 - simpleExample - INFO - Ukraine ha cedido ante una exigencia y gana confianza ahora tiene 82
2025-03-07 11:54:34,599 - simpleExample - INFO - Ukraine ha hecho una exigencia y pierde confianza ahora tiene 77
2025-03-07 11:54:35,773 - simpleExample - INFO - Ukraine ha hecho una exigencia y pierde confianza ahora tiene 72
2025-03-07 11:54:36,774 - simpleExample - INFO - Ukraine ha hecho una exigencia y pierde confianza ahora tiene 67
2025-03-07 11:54:37,775 - simpleExample - INFO - Confianza demasiado baja
2025-03-07 11:54:38,776 - simpleExample - INFO - Ukraine ha hecho una exigencia y pierde confianza ahora tiene 62
2025-03-07 11:54:39,961 - simpleExample - INFO - Confianza demasiado baja
2025-03-07 11:54:40,962 - simpleExample - INFO - Ukraine ha cedido ante una exigencia y gana confianza ahora tiene 67
2025-03-07 11:54:42,134 - simpleExample - INFO - Spain ha cedido ante una exigencia y gana confianza ahora tiene 18
2025-03-07 11:54:43,135 - simpleExample - INFO - Ukraine ha hecho una exigencia y pierde confianza ahora tiene 62
2025-03-07 11:54:44,136 - simpleExample - INFO - Confianza demasiado baja
2025-03-07 11:54:45,137 - simpleExample - INFO - Ukraine ha hecho una exigencia y pierde confianza ahora tiene 57
2025-03-07 11:54:46,138 - simpleExample - INFO - Ukraine ha hecho una exigencia y pierde confianza ahora tiene 52
2025-03-07 11:54:47,138 - simpleExample - INFO - Spain ha cedido ante una exigencia y gana confianza ahora tiene 18
2025-03-07 11:54:48,139 - simpleExample - INFO - Confianza demasiado baja
2025-03-07 11:54:49,140 - simpleExample - INFO - Confianza demasiado baja
2025-03-07 11:54:50,141 - simpleExample - INFO - Confianza demasiado baja
2025-03-07 11:54:51,142 - simpleExample - INFO - Confianza demasiado baja
2025-03-07 11:54:52,143 - simpleExample - INFO - Ukraine ha cedido ante una exigencia y gana confianza ahora tiene 57
2025-03-07 11:54:53,144 - simpleExample - INFO - Ukraine ha cedido ante una exigencia y gana confianza ahora tiene 62
2025-03-07 11:54:54,145 - simpleExample - INFO - Confianza demasiado baja
2025-03-07 11:54:55,145 - simpleExample - INFO - Spain ha cedido ante una exigencia y gana confianza ahora tiene -2
2025-03-07 11:54:56,146 - simpleExample - INFO - Ukraine ha cedido ante una exigencia y gana confianza ahora tiene 67
2025-03-07 11:56:41,023 - simpleExample - INFO - --------------------------Iniciando programa--------------------------
2025-03-07 11:56:41,023 - simpleExample - INFO - Inicializando País 1
2025-03-07 11:56:41,023 - simpleExample - INFO - Inicializando País 2
2025-03-07 11:56:41,024 - simpleExample - INFO - EEUU ha cedido ante una exigencia y gana confianza ahora tiene 52
2025-03-07 11:56:42,025 - simpleExample - INFO - Ukraine ha cedido ante una exigencia y gana confianza ahora tiene 53
2025-03-07 11:56:43,026 - simpleExample - INFO - Ukraine ha hecho una exigencia y pierde confianza ahora tiene 48
2025-03-07 11:56:44,027 - simpleExample - INFO - Ukraine ha hecho una exigencia y pierde confianza ahora tiene 43
2025-03-07 11:56:45,028 - simpleExample - INFO - A partir de ahora responderemos a las posibles preguntas y al final de cada reunión
2025-03-07 11:56:45,029 - simpleExample - INFO - EEUU ha hecho una exigencia y pierde confianza ahora tiene 47
2025-03-07 11:56:46,031 - simpleExample - INFO - Ukraine ha hecho una exigencia y pierde confianza ahora tiene 38
2025-03-07 11:56:47,032 - simpleExample - INFO - Ukraine ha cedido ante una exigencia y gana confianza ahora tiene 43
2025-03-07 11:56:48,034 - simpleExample - INFO - Ukraine ha cedido ante una exigencia y gana confianza ahora tiene 48
2025-03-07 11:56:49,035 - simpleExample - INFO - EEUU ha hecho una exigencia y pierde confianza ahora tiene 42
2025-03-07 11:56:50,037 - simpleExample - INFO - Ukraine ha hecho una exigencia y pierde confianza ahora tiene 43
2025-03-07 11:56:51,039 - simpleExample - INFO - EEUU ha cedido ante una exigencia y gana confianza ahora tiene 47
2025-03-07 11:56:52,041 - simpleExample - INFO - Ukraine ha cedido ante una exigencia y gana confianza ahora tiene 48
2025-03-07 11:56:53,042 - simpleExample - INFO - EEUU ha cedido ante una exigencia y gana confianza ahora tiene 52
2025-03-07 11:56:54,043 - simpleExample - INFO - EEUU ha hecho una exigencia y pierde confianza ahora tiene 47
2025-03-07 11:56:55,045 - simpleExample - INFO - Ukraine ha hecho una exigencia y pierde confianza ahora tiene 43
2025-03-07 11:56:56,047 - simpleExample - INFO - Ukraine ha hecho una exigencia y pierde confianza ahora tiene 38
2025-03-07 11:56:57,049 - simpleExample - INFO - Ukraine ha cedido ante una exigencia y gana confianza ahora tiene 43
2025-03-07 11:56:58,052 - simpleExample - INFO - Ukraine ha cedido ante una exigencia y gana confianza ahora tiene 48
2025-03-07 11:56:59,053 - simpleExample - INFO - EEUU ha hecho una exigencia y pierde confianza ahora tiene 42
2025-03-07 11:57:00,418 - simpleExample - INFO - EEUU ha hecho una exigencia y pierde confianza ahora tiene 37
2025-03-07 11:57:01,419 - simpleExample - INFO - EEUU ha hecho una exigencia y pierde confianza ahora tiene 32
2025-03-07 11:57:02,421 - simpleExample - INFO - Ukraine ha cedido ante una exigencia y gana confianza ahora tiene 53
2025-03-07 11:57:03,423 - simpleExample - INFO - EEUU ha hecho una exigencia y pierde confianza ahora tiene 27
2025-03-07 11:57:04,424 - simpleExample - INFO - Ukraine ha cedido ante una exigencia y gana confianza ahora tiene 58
2025-03-07 11:57:05,426 - simpleExample - INFO - Ukraine ha hecho una exigencia y pierde confianza ahora tiene 53
2025-03-07 11:57:06,658 - simpleExample - INFO - Ukraine ha hecho una exigencia y pierde confianza ahora tiene 48
2025-03-07 11:57:07,841 - simpleExample - INFO - EEUU ha cedido ante una exigencia y gana confianza ahora tiene 32
2025-03-07 11:57:08,843 - simpleExample - INFO - Ukraine ha hecho una exigencia y pierde confianza ahora tiene 43
2025-03-07 11:57:09,845 - simpleExample - INFO - Ukraine ha cedido ante una exigencia y gana confianza ahora tiene 48
2025-03-07 11:57:10,847 - simpleExample - INFO - EEUU ha cedido ante una exigencia y gana confianza ahora tiene 37
2025-03-07 11:57:11,849 - simpleExample - INFO - EEUU ha hecho una exigencia y pierde confianza ahora tiene 32
2025-03-07 11:57:12,850 - simpleExample - INFO - EEUU ha cedido ante una exigencia y gana confianza ahora tiene 37
2025-03-07 11:57:13,851 - simpleExample - INFO - Ukraine ha cedido ante una exigencia y gana confianza ahora tiene 53
2025-03-07 11:57:14,852 - simpleExample - INFO - EEUU ha hecho una exigencia y pierde confianza ahora tiene 32
2025-03-07 11:57:15,853 - simpleExample - INFO - Ukraine ha hecho una exigencia y pierde confianza ahora tiene 48
2025-03-07 11:57:16,855 - simpleExample - INFO - Ukraine ha hecho una exigencia y pierde confianza ahora tiene 43
2025-03-07 11:57:17,855 - simpleExample - INFO - Ukraine ha salido y pierde toda su confianza ahora tiene 0
2025-03-07 12:05:05,231 - simpleExample - INFO - --------------------------Iniciando programa--------------------------
2025-03-07 12:05:05,231 - simpleExample - INFO - Inicializando País 1
2025-03-07 12:05:05,231 - simpleExample - INFO - Inicializando País 2
2025-03-07 12:05:05,231 - simpleExample - INFO - Spain ha hecho una exigencia y pierde confianza ahora tiene 54
2025-03-07 12:05:43,334 - simpleExample - INFO - --------------------------Iniciando programa--------------------------
2025-03-07 12:05:43,334 - simpleExample - INFO - Inicializando País 1
2025-03-07 12:05:43,334 - simpleExample - INFO - Inicializando País 2
2025-03-07 12:05:43,335 - simpleExample - INFO - Ukraine ha cedido ante una exigencia y gana confianza ahora tiene 54
2025-03-07 12:05:54,428 - simpleExample - INFO - --------------------------Iniciando programa--------------------------
2025-03-07 12:05:54,428 - simpleExample - INFO - Inicializando País 1
2025-03-07 12:05:54,429 - simpleExample - INFO - Inicializando País 2
2025-03-07 12:05:54,429 - simpleExample - INFO - Ukraine ha cedido ante una exigencia y gana confianza ahora tiene 50
2025-03-07 12:05:55,431 - simpleExample - INFO - Ukraine ha cedido ante una exigencia y gana confianza ahora tiene 55
2025-03-07 12:05:56,432 - simpleExample - INFO - Ukraine ha hecho una exigencia y pierde confianza ahora tiene 50
2025-03-07 12:05:57,434 - simpleExample - INFO - Ukraine ha cedido ante una exigencia y gana confianza ahora tiene 55
2025-03-07 12:05:58,436 - simpleExample - INFO - A partir de ahora responderemos a las posibles preguntas y al final de cada reunión
2025-03-07 12:05:58,437 - simpleExample - INFO - Ukraine ha hecho una exigencia y pierde confianza ahora tiene 50
2025-03-07 12:05:59,438 - simpleExample - INFO - EEUU ha cedido ante una exigencia y gana confianza ahora tiene 65
2025-03-07 12:06:00,781 - simpleExample - INFO - EEUU ha cedido ante una exigencia y gana confianza ahora tiene 70
2025-03-07 12:06:01,782 - simpleExample - INFO - EEUU ha hecho una exigencia y pierde confianza ahora tiene 65
2025-03-07 12:06:02,784 - simpleExample - INFO - Ukraine ha hecho una exigencia y pierde confianza ahora tiene 45
2025-03-07 12:06:03,785 - simpleExample - INFO - EEUU ha hecho una exigencia y pierde confianza ahora tiene 60
2025-03-07 12:06:04,787 - simpleExample - INFO - EEUU ha hecho una exigencia y pierde confianza ahora tiene 55
2025-03-07 12:06:05,789 - simpleExample - INFO - EEUU ha hecho una exigencia y pierde confianza ahora tiene 50
2025-03-07 12:06:06,790 - simpleExample - INFO - Ukraine ha hecho una exigencia y pierde confianza ahora tiene 40
2025-03-07 12:06:07,791 - simpleExample - INFO - Ukraine ha hecho una exigencia y pierde confianza ahora tiene 35
2025-03-07 12:06:08,793 - simpleExample - INFO - Ukraine ha hecho una exigencia y pierde confianza ahora tiene 30
2025-03-07 12:06:09,794 - simpleExample - INFO - EEUU ha salido y pierde toda su confianza ahora tiene 0
2025-03-07 12:06:43,075 - simpleExample - INFO - --------------------------Iniciando programa--------------------------
2025-03-07 12:06:43,075 - simpleExample - INFO - Inicializando País 1
2025-03-07 12:06:43,076 - simpleExample - INFO - Inicializando País 2
2025-03-07 12:06:43,076 - simpleExample - INFO - EEUU ha cedido ante una exigencia y gana confianza ahora tiene 62
2025-03-07 12:06:44,077 - simpleExample - INFO - Spain ha cedido ante una exigencia y gana confianza ahora tiene 45
2025-03-07 12:06:45,078 - simpleExample - INFO - Spain ha cedido ante una exigencia y gana confianza ahora tiene 50
2025-03-07 12:06:46,079 - simpleExample - INFO - EEUU ha hecho una exigencia y pierde confianza ahora tiene 57
2025-03-07 12:06:47,081 - simpleExample - INFO - A partir de ahora responderemos a las posibles preguntas y al final de cada reunión
2025-03-07 12:06:47,082 - simpleExample - INFO - EEUU ha cedido ante una exigencia y gana confianza ahora tiene 62
2025-03-07 12:06:48,084 - simpleExample - INFO - EEUU ha cedido ante una exigencia y gana confianza ahora tiene 67
2025-03-07 12:06:49,086 - simpleExample - INFO - EEUU ha cedido ante una exigencia y gana confianza ahora tiene 72
2025-03-07 12:06:50,087 - simpleExample - INFO - Spain ha hecho una exigencia y pierde confianza ahora tiene 45
2025-03-07 12:06:51,089 - simpleExample - INFO - Spain ha cedido ante una exigencia y gana confianza ahora tiene 50
2025-03-07 12:06:52,091 - simpleExample - INFO - EEUU ha hecho una exigencia y pierde confianza ahora tiene 67
2025-03-07 12:06:53,352 - simpleExample - INFO - Spain ha hecho una exigencia y pierde confianza ahora tiene 45
2025-03-07 12:06:54,354 - simpleExample - INFO - EEUU ha hecho una exigencia y pierde confianza ahora tiene 62
2025-03-07 12:06:55,356 - simpleExample - INFO - EEUU ha hecho una exigencia y pierde confianza ahora tiene 57
2025-03-07 12:06:56,357 - simpleExample - INFO - Spain ha cedido ante una exigencia y gana confianza ahora tiene 50
2025-03-07 12:06:57,359 - simpleExample - INFO - EEUU ha cedido ante una exigencia y gana confianza ahora tiene 62
2025-03-07 12:06:58,364 - simpleExample - INFO - EEUU ha hecho una exigencia y pierde confianza ahora tiene 57
2025-03-07 12:06:59,541 - simpleExample - INFO - EEUU ha cedido ante una exigencia y gana confianza ahora tiene 62
2025-03-07 12:07:00,543 - simpleExample - INFO - Spain ha hecho una exigencia y pierde confianza ahora tiene 45
2025-03-07 12:07:01,544 - simpleExample - INFO - EEUU ha cedido ante una exigencia y gana confianza ahora tiene 67
2025-03-07 12:07:02,891 - simpleExample - INFO - Spain ha hecho una exigencia y pierde confianza ahora tiene 40
2025-03-07 12:07:03,893 - simpleExample - INFO - EEUU ha cedido ante una exigencia y gana confianza ahora tiene 72
2025-03-07 12:07:04,895 - simpleExample - INFO - EEUU ha hecho una exigencia y pierde confianza ahora tiene 67
2025-03-07 12:07:05,898 - simpleExample - INFO - EEUU ha hecho una exigencia y pierde confianza ahora tiene 62
2025-03-07 12:07:07,072 - simpleExample - INFO - EEUU ha cedido ante una exigencia y gana confianza ahora tiene 67
2025-03-07 12:07:08,073 - simpleExample - INFO - Spain ha cedido ante una exigencia y gana confianza ahora tiene 45
2025-03-07 12:07:09,257 - simpleExample - INFO - Spain ha hecho una exigencia y pierde confianza ahora tiene 40
2025-03-07 12:07:10,258 - simpleExample - INFO - EEUU ha hecho una exigencia y pierde confianza ahora tiene 62
2025-03-07 12:07:11,259 - simpleExample - INFO - Spain ha hecho una exigencia y pierde confianza ahora tiene 35
2025-03-07 12:07:12,261 - simpleExample - INFO - Spain ha hecho una exigencia y pierde confianza ahora tiene 30
2025-03-07 12:07:13,263 - simpleExample - INFO - Spain ha hecho una exigencia y pierde confianza ahora tiene 25
2025-03-07 12:07:14,264 - simpleExample - INFO - Spain ha hecho una exigencia y pierde confianza ahora tiene 20
2025-03-07 12:07:15,266 - simpleExample - INFO - EEUU ha cedido ante una exigencia y gana confianza ahora tiene 67
2025-03-07 12:07:16,268 - simpleExample - INFO - EEUU ha hecho una exigencia y pierde confianza ahora tiene 62
2025-03-07 12:09:37,392 - simpleExample - INFO - --------------------------Iniciando programa--------------------------
2025-03-07 12:09:37,392 - simpleExample - INFO - Inicializando País 1
2025-03-07 12:09:37,393 - simpleExample - INFO - Inicializando País 2
2025-03-07 12:09:37,393 - simpleExample - INFO - EEUU ha cedido ante una exigencia y gana confianza ahora tiene 50
2025-03-07 12:09:38,394 - simpleExample - INFO - EEUU ha hecho una exigencia y pierde confianza ahora tiene 45
2025-03-07 12:09:39,396 - simpleExample - INFO - Ukraine ha hecho una exigencia y pierde confianza ahora tiene 50
2025-03-07 12:09:40,397 - simpleExample - INFO - Ukraine ha cedido ante una exigencia y gana confianza ahora tiene 55
2025-03-07 12:09:41,399 - simpleExample - INFO - A partir de ahora responderemos a las posibles preguntas y al final de cada reunión
2025-03-07 12:09:41,400 - simpleExample - INFO - Ukraine ha hecho una exigencia y pierde confianza ahora tiene 50
2025-03-07 12:09:42,402 - simpleExample - INFO - EEUU ha cedido ante una exigencia y gana confianza ahora tiene 50
2025-03-07 12:09:43,404 - simpleExample - INFO - Ukraine ha hecho una exigencia y pierde confianza ahora tiene 45
2025-03-07 12:09:44,405 - simpleExample - INFO - EEUU ha hecho una exigencia y pierde confianza ahora tiene 45
2025-03-07 12:09:45,407 - simpleExample - INFO - Ukraine ha cedido ante una exigencia y gana confianza ahora tiene 50
2025-03-07 12:09:46,409 - simpleExample - INFO - Ukraine ha cedido ante una exigencia y gana confianza ahora tiene 55
2025-03-07 12:09:47,634 - simpleExample - INFO - Ukraine ha hecho una exigencia y pierde confianza ahora tiene 50
2025-03-07 12:09:48,636 - simpleExample - INFO - Ukraine ha cedido ante una exigencia y gana confianza ahora tiene 55
2025-03-07 12:09:49,637 - simpleExample - INFO - EEUU ha hecho una exigencia y pierde confianza ahora tiene 40
2025-03-07 12:09:50,867 - simpleExample - INFO - Ukraine ha hecho una exigencia y pierde confianza ahora tiene 50
2025-03-07 12:09:52,038 - simpleExample - INFO - EEUU ha cedido ante una exigencia y gana confianza ahora tiene 45
2025-03-07 12:09:53,039 - simpleExample - INFO - EEUU ha cedido ante una exigencia y gana confianza ahora tiene 50
2025-03-07 12:09:54,213 - simpleExample - INFO - Ukraine ha salido y pierde toda su confianza ahora tiene 0
2025-03-07 12:11:07,978 - simpleExample - INFO - --------------------------Iniciando programa--------------------------
2025-03-07 12:11:07,978 - simpleExample - INFO - Inicializando País 1
2025-03-07 12:11:07,978 - simpleExample - INFO - Inicializando País 2
2025-03-07 12:11:07,979 - simpleExample - INFO - Spain ha hecho una exigencia y pierde confianza ahora tiene 50
2025-03-07 12:11:08,981 - simpleExample - INFO - Spain ha hecho una exigencia y pierde confianza ahora tiene 45
2025-03-07 12:11:09,985 - simpleExample - INFO - EEUU ha hecho una exigencia y pierde confianza ahora tiene 47
2025-03-07 12:11:10,991 - simpleExample - INFO - Spain ha cedido ante una exigencia y gana confianza ahora tiene 50
2025-03-07 12:11:11,996 - simpleExample - INFO - A partir de ahora responderemos a las posibles preguntas y al final de cada reunión
2025-03-07 12:11:11,997 - simpleExample - INFO - EEUU ha hecho una exigencia y pierde confianza ahora tiene 42
2025-03-07 12:11:13,336 - simpleExample - INFO - EEUU ha hecho una exigencia y pierde confianza ahora tiene 37
2025-03-07 12:11:14,341 - simpleExample - INFO - Spain ha cedido ante una exigencia y gana confianza ahora tiene 55
2025-03-07 12:11:15,346 - simpleExample - INFO - EEUU ha cedido ante una exigencia y gana confianza ahora tiene 42
2025-03-07 12:11:16,352 - simpleExample - INFO - Spain ha cedido ante una exigencia y gana confianza ahora tiene 60
2025-03-07 12:11:17,357 - simpleExample - INFO - Spain ha cedido ante una exigencia y gana confianza ahora tiene 65
2025-03-07 12:11:18,363 - simpleExample - INFO - Spain ha cedido ante una exigencia y gana confianza ahora tiene 70
2025-03-07 12:11:19,368 - simpleExample - INFO - EEUU ha salido y pierde toda su confianza ahora tiene 0
2025-03-07 12:12:45,285 - simpleExample - INFO - --------------------------Iniciando programa--------------------------
2025-03-07 12:12:45,285 - simpleExample - INFO - Inicializando País 1
2025-03-07 12:12:45,286 - simpleExample - INFO - Inicializando País 2
2025-03-07 12:12:45,287 - simpleExample - INFO - Ukraine ha hecho una exigencia y pierde confianza ahora tiene 46
2025-03-07 12:12:46,290 - simpleExample - INFO - Ukraine ha hecho una exigencia y pierde confianza ahora tiene 41
2025-03-07 12:12:47,292 - simpleExample - INFO - Ukraine ha cedido ante una exigencia y gana confianza ahora tiene 46
2025-03-07 12:12:48,295 - simpleExample - INFO - Ukraine ha hecho una exigencia y pierde confianza ahora tiene 41
2025-03-07 12:12:49,295 - simpleExample - INFO - A partir de ahora responderemos a las posibles preguntas y al final de cada reunión
2025-03-07 12:12:49,298 - simpleExample - INFO - Ukraine ha hecho una exigencia y pierde confianza ahora tiene 36
2025-03-07 12:12:50,300 - simpleExample - INFO - Spain ha hecho una exigencia y pierde confianza ahora tiene 48
2025-03-07 12:12:51,304 - simpleExample - INFO - Ukraine ha cedido ante una exigencia y gana confianza ahora tiene 41
2025-03-07 12:12:52,308 - simpleExample - INFO - Spain ha hecho una exigencia y pierde confianza ahora tiene 43
2025-03-07 12:12:53,310 - simpleExample - INFO - Spain ha cedido ante una exigencia y gana confianza ahora tiene 48
2025-03-07 12:12:54,550 - simpleExample - INFO - Spain ha hecho una exigencia y pierde confianza ahora tiene 43
2025-03-07 12:12:55,968 - simpleExample - INFO - Ukraine ha cedido ante una exigencia y gana confianza ahora tiene 46
2025-03-07 12:12:57,513 - simpleExample - INFO - Spain ha cedido ante una exigencia y gana confianza ahora tiene 48
2025-03-07 12:12:58,518 - simpleExample - INFO - Ukraine ha hecho una exigencia y pierde confianza ahora tiene 41
2025-03-07 12:12:59,521 - simpleExample - INFO - Spain ha cedido ante una exigencia y gana confianza ahora tiene 53
2025-03-07 12:13:00,526 - simpleExample - INFO - Spain ha cedido ante una exigencia y gana confianza ahora tiene 58
2025-03-07 12:13:01,529 - simpleExample - INFO - Spain ha cedido ante una exigencia y gana confianza ahora tiene 63
2025-03-07 12:13:02,534 - simpleExample - INFO - Ukraine ha salido y pierde toda su confianza ahora tiene 0
2025-03-07 12:14:08,643 - simpleExample - INFO - --------------------------Iniciando programa--------------------------
2025-03-07 12:14:08,643 - simpleExample - INFO - Inicializando País 1
2025-03-07 12:14:08,643 - simpleExample - INFO - Inicializando País 2
2025-03-07 12:14:08,645 - simpleExample - INFO - EEUU ha cedido ante una exigencia y gana confianza ahora tiene 57
2025-03-07 12:14:09,650 - simpleExample - INFO - Spain ha cedido ante una exigencia y gana confianza ahora tiene 58
2025-03-07 12:14:10,656 - simpleExample - INFO - EEUU ha cedido ante una exigencia y gana confianza ahora tiene 62
2025-03-07 12:14:11,661 - simpleExample - INFO - Spain ha hecho una exigencia y pierde confianza ahora tiene 53
2025-03-07 12:14:12,662 - simpleExample - INFO - A partir de ahora responderemos a las posibles preguntas y al final de cada reunión
2025-03-07 12:14:12,667 - simpleExample - INFO - Spain ha cedido ante una exigencia y gana confianza ahora tiene 58
2025-03-07 12:14:13,672 - simpleExample - INFO - EEUU ha hecho una exigencia y pierde confianza ahora tiene 57
2025-03-07 12:14:14,929 - simpleExample - INFO - EEUU ha hecho una exigencia y pierde confianza ahora tiene 52
2025-03-07 12:14:16,352 - simpleExample - INFO - EEUU ha hecho una exigencia y pierde confianza ahora tiene 47
2025-03-07 12:14:17,604 - simpleExample - INFO - EEUU ha cedido ante una exigencia y gana confianza ahora tiene 52
2025-03-07 12:14:18,609 - simpleExample - INFO - EEUU ha hecho una exigencia y pierde confianza ahora tiene 47
2025-03-07 12:14:19,783 - simpleExample - INFO - EEUU ha hecho una exigencia y pierde confianza ahora tiene 42
2025-03-07 12:14:20,788 - simpleExample - INFO - EEUU ha hecho una exigencia y pierde confianza ahora tiene 37
2025-03-07 12:14:21,966 - simpleExample - INFO - Spain ha hecho una exigencia y pierde confianza ahora tiene 53
2025-03-07 12:14:22,971 - simpleExample - INFO - EEUU ha cedido ante una exigencia y gana confianza ahora tiene 42
2025-03-07 12:14:24,507 - simpleExample - INFO - Spain ha cedido ante una exigencia y gana confianza ahora tiene 58
2025-03-07 12:14:25,512 - simpleExample - INFO - Spain ha cedido ante una exigencia y gana confianza ahora tiene 63
2025-03-07 12:14:27,009 - simpleExample - INFO - EEUU ha hecho una exigencia y pierde confianza ahora tiene 37
2025-03-07 12:14:28,015 - simpleExample - INFO - Spain ha hecho una exigencia y pierde confianza ahora tiene 58
2025-03-07 12:14:29,199 - simpleExample - INFO - EEUU ha hecho una exigencia y pierde confianza ahora tiene 32
2025-03-07 12:14:30,375 - simpleExample - INFO - Spain ha hecho una exigencia y pierde confianza ahora tiene 53
2025-03-07 12:14:31,378 - simpleExample - INFO - Spain ha hecho una exigencia y pierde confianza ahora tiene 48
2025-03-07 12:14:32,381 - simpleExample - INFO - EEUU ha cedido ante una exigencia y gana confianza ahora tiene 37
2025-03-07 12:14:33,384 - simpleExample - INFO - EEUU ha hecho una exigencia y pierde confianza ahora tiene 32
2025-03-07 12:14:34,388 - simpleExample - INFO - Spain ha cedido ante una exigencia y gana confianza ahora tiene 53
2025-03-07 12:14:35,601 - simpleExample - INFO - Spain ha hecho una exigencia y pierde confianza ahora tiene 48
2025-03-07 12:14:36,607 - simpleExample - INFO - Spain ha hecho una exigencia y pierde confianza ahora tiene 43
2025-03-07 12:14:37,612 - simpleExample - INFO - EEUU ha cedido ante una exigencia y gana confianza ahora tiene 37
2025-03-07 12:14:38,618 - simpleExample - INFO - Spain ha hecho una exigencia y pierde confianza ahora tiene 38
2025-03-07 12:14:39,623 - simpleExample - INFO - EEUU ha hecho una exigencia y pierde confianza ahora tiene 32
2025-03-07 12:14:40,815 - simpleExample - INFO - Spain ha cedido ante una exigencia y gana confianza ahora tiene 43
2025-03-07 12:14:41,820 - simpleExample - INFO - Spain ha hecho una exigencia y pierde confianza ahora tiene 38
2025-03-07 12:14:42,826 - simpleExample - INFO - EEUU ha hecho una exigencia y pierde confianza ahora tiene 27
2025-03-07 12:14:43,995 - simpleExample - INFO - Spain ha cedido ante una exigencia y gana confianza ahora tiene 43
2025-03-07 12:14:44,999 - simpleExample - INFO - EEUU ha salido y pierde toda su confianza ahora tiene 0
2025-03-07 12:19:14,086 - simpleExample - INFO - --------------------------Iniciando programa--------------------------
2025-03-07 12:19:14,086 - simpleExample - INFO - Inicializando País 1
2025-03-07 12:19:14,086 - simpleExample - INFO - Inicializando País 2
2025-03-07 12:19:14,088 - simpleExample - INFO - Ukraine ha cedido ante una exigencia y gana confianza ahora tiene 55
2025-03-07 12:19:15,092 - simpleExample - INFO - Spain ha cedido ante una exigencia y gana confianza ahora tiene 58
2025-03-07 12:19:16,097 - simpleExample - INFO - Spain ha hecho una exigencia y pierde confianza ahora tiene 53
2025-03-07 12:19:17,102 - simpleExample - INFO - Spain ha hecho una exigencia y pierde confianza ahora tiene 48
2025-03-07 12:19:18,102 - simpleExample - INFO - A partir de ahora responderemos a las posibles preguntas y al final de cada reunión
2025-03-07 12:19:18,107 - simpleExample - INFO - Ukraine ha cedido ante una exigencia y gana confianza ahora tiene 60
2025-03-07 12:19:19,489 - simpleExample - INFO - Ukraine ha hecho una exigencia y pierde confianza ahora tiene 55
2025-03-07 12:19:20,705 - simpleExample - INFO - Spain ha cedido ante una exigencia y gana confianza ahora tiene 53
2025-03-07 12:19:21,710 - simpleExample - INFO - Ukraine ha cedido ante una exigencia y gana confianza ahora tiene 60
2025-03-07 12:19:22,714 - simpleExample - INFO - Spain ha hecho una exigencia y pierde confianza ahora tiene 48
2025-03-07 12:19:23,719 - simpleExample - INFO - Ukraine ha cedido ante una exigencia y gana confianza ahora tiene 65
2025-03-07 12:19:24,954 - simpleExample - INFO - Ukraine ha hecho una exigencia y pierde confianza ahora tiene 60
2025-03-07 12:19:25,959 - simpleExample - INFO - Spain ha hecho una exigencia y pierde confianza ahora tiene 43
2025-03-07 12:19:26,964 - simpleExample - INFO - Spain ha cedido ante una exigencia y gana confianza ahora tiene 48
2025-03-07 12:19:27,968 - simpleExample - INFO - Ukraine ha hecho una exigencia y pierde confianza ahora tiene 55
2025-03-07 12:19:28,973 - simpleExample - INFO - Ukraine ha hecho una exigencia y pierde confianza ahora tiene 50
2025-03-07 12:19:29,977 - simpleExample - INFO - Spain ha hecho una exigencia y pierde confianza ahora tiene 43
2025-03-07 12:19:31,172 - simpleExample - INFO - Spain ha hecho una exigencia y pierde confianza ahora tiene 38
2025-03-07 12:19:32,177 - simpleExample - INFO - Ukraine ha cedido ante una exigencia y gana confianza ahora tiene 55
2025-03-07 12:19:33,387 - simpleExample - INFO - Spain ha hecho una exigencia y pierde confianza ahora tiene 33
2025-03-07 12:19:34,565 - simpleExample - INFO - Ukraine ha cedido ante una exigencia y gana confianza ahora tiene 60
2025-03-07 12:19:35,567 - simpleExample - INFO - Spain ha hecho una exigencia y pierde confianza ahora tiene 28
2025-03-07 12:19:36,731 - simpleExample - INFO - Ukraine ha hecho una exigencia y pierde confianza ahora tiene 45
2025-03-07 12:23:20,326 - simpleExample - INFO - --------------------------Iniciando programa--------------------------
2025-03-07 12:23:20,327 - simpleExample - INFO - Inicializando País 1
2025-03-07 12:23:20,327 - simpleExample - INFO - Inicializando País 2
2025-03-07 12:23:20,328 - simpleExample - INFO - Spain ha cedido ante una exigencia y gana confianza ahora tiene 47
2025-03-07 12:23:21,333 - simpleExample - INFO - Spain ha salido y pierde toda su confianza ahora tiene 0
2025-03-07 12:24:31,168 - simpleExample - INFO - --------------------------Iniciando programa--------------------------
2025-03-07 12:24:31,168 - simpleExample - INFO - Inicializando País 1
2025-03-07 12:24:31,168 - simpleExample - INFO - Inicializando País 2
2025-03-07 12:24:31,170 - simpleExample - INFO - Ukraine ha hecho una exigencia y pierde confianza ahora tiene 48
2025-03-07 12:24:32,174 - simpleExample - INFO - Ukraine ha cedido ante una exigencia y gana confianza ahora tiene 53
2025-03-07 12:24:33,179 - simpleExample - INFO - Ukraine ha hecho una exigencia y pierde confianza ahora tiene 48
2025-03-07 12:24:34,183 - simpleExample - INFO - EEUU ha cedido ante una exigencia y gana confianza ahora tiene 59
2025-03-07 12:24:35,184 - simpleExample - INFO - A partir de ahora responderemos a las posibles preguntas y al final de cada reunión
2025-03-07 12:24:35,189 - simpleExample - INFO - Ukraine ha cedido ante una exigencia y gana confianza ahora tiene 53
2025-03-07 12:24:36,193 - simpleExample - INFO - Ukraine ha cedido ante una exigencia y gana confianza ahora tiene 58
2025-03-07 12:24:37,199 - simpleExample - INFO - EEUU ha cedido ante una exigencia y gana confianza ahora tiene 64
2025-03-07 12:24:38,461 - simpleExample - INFO - Ukraine ha hecho una exigencia y pierde confianza ahora tiene 53
2025-03-07 12:24:39,465 - simpleExample - INFO - Ukraine ha cedido ante una exigencia y gana confianza ahora tiene 58
2025-03-07 12:24:40,994 - simpleExample - INFO - Ukraine ha cedido ante una exigencia y gana confianza ahora tiene 63
2025-03-07 12:24:41,998 - simpleExample - INFO - EEUU ha hecho una exigencia y pierde confianza ahora tiene 59
2025-03-07 12:24:43,003 - simpleExample - INFO - EEUU ha hecho una exigencia y pierde confianza ahora tiene 54
2025-03-07 12:24:44,007 - simpleExample - INFO - EEUU ha cedido ante una exigencia y gana confianza ahora tiene 59
2025-03-07 12:24:45,012 - simpleExample - INFO - Ukraine ha hecho una exigencia y pierde confianza ahora tiene 58
2025-03-07 12:24:46,188 - simpleExample - INFO - EEUU ha cedido ante una exigencia y gana confianza ahora tiene 64
2025-03-07 12:24:47,456 - simpleExample - INFO - EEUU ha hecho una exigencia y pierde confianza ahora tiene 49
2025-03-07 12:24:48,645 - simpleExample - INFO - Ukraine ha cedido ante una exigencia y gana confianza ahora tiene 63
2025-03-07 12:24:50,077 - simpleExample - INFO - Ukraine ha hecho una exigencia y pierde confianza ahora tiene 58
2025-03-07 12:24:51,247 - simpleExample - INFO - EEUU ha cedido ante una exigencia y gana confianza ahora tiene 54
2025-03-07 12:24:52,492 - simpleExample - INFO - Ukraine ha salido y pierde toda su confianza ahora tiene 0
2025-03-07 12:25:48,482 - simpleExample - INFO - --------------------------Iniciando programa--------------------------
2025-03-07 12:25:48,482 - simpleExample - INFO - Inicializando País 1
2025-03-07 12:25:48,482 - simpleExample - INFO - Inicializando País 2
2025-03-07 12:25:48,484 - simpleExample - INFO - Ukraine ha hecho una exigencia y pierde confianza ahora tiene 47
2025-03-07 12:25:49,486 - simpleExample - INFO - EEUU ha hecho una exigencia y pierde confianza ahora tiene 37
2025-03-07 12:25:50,492 - simpleExample - INFO - Ukraine ha cedido ante una exigencia y gana confianza ahora tiene 52
2025-03-07 12:25:51,497 - simpleExample - INFO - EEUU ha hecho una exigencia y pierde confianza ahora tiene 32
2025-03-07 12:25:52,497 - simpleExample - INFO - A partir de ahora responderemos a las posibles preguntas y al final de cada reunión
2025-03-07 12:25:52,503 - simpleExample - INFO - EEUU ha cedido ante una exigencia y gana confianza ahora tiene 37
2025-03-07 12:25:53,773 - simpleExample - INFO - Ukraine ha cedido ante una exigencia y gana confianza ahora tiene 47
2025-03-07 12:25:54,777 - simpleExample - INFO - Ukraine ha cedido ante una exigencia y gana confianza ahora tiene 52
2025-03-07 12:25:55,783 - simpleExample - INFO - Ukraine ha cedido ante una exigencia y gana confianza ahora tiene 57
2025-03-07 12:25:56,786 - simpleExample - INFO - EEUU ha cedido ante una exigencia y gana confianza ahora tiene 42
2025-03-07 12:25:57,790 - simpleExample - INFO - Ukraine ha cedido ante una exigencia y gana confianza ahora tiene 62
2025-03-07 12:25:59,142 - simpleExample - INFO - Ukraine ha hecho una exigencia y pierde confianza ahora tiene 57
2025-03-07 12:26:04,322 - simpleExample - INFO - --------------------------Iniciando programa--------------------------
2025-03-07 12:26:04,323 - simpleExample - INFO - Inicializando País 1
2025-03-07 12:26:04,323 - simpleExample - INFO - Inicializando País 2
2025-03-07 12:26:04,324 - simpleExample - INFO - EEUU ha hecho una exigencia y pierde confianza ahora tiene 43
2025-03-07 12:26:05,329 - simpleExample - INFO - Ukraine ha hecho una exigencia y pierde confianza ahora tiene 37
2025-03-07 12:26:06,333 - simpleExample - INFO - EEUU ha hecho una exigencia y pierde confianza ahora tiene 38
2025-03-07 12:26:07,338 - simpleExample - INFO - Ukraine ha cedido ante una exigencia y gana confianza ahora tiene 42
2025-03-07 12:26:08,339 - simpleExample - INFO - A partir de ahora responderemos a las posibles preguntas y al final de cada reunión
2025-03-07 12:26:08,343 - simpleExample - INFO - EEUU ha cedido ante una exigencia y gana confianza ahora tiene 43
2025-03-07 12:26:09,593 - simpleExample - INFO - Ukraine ha cedido ante una exigencia y gana confianza ahora tiene 47
2025-03-07 12:26:10,957 - simpleExample - INFO - EEUU ha hecho una exigencia y pierde confianza ahora tiene 38
2025-03-07 12:26:11,962 - simpleExample - INFO - EEUU ha hecho una exigencia y pierde confianza ahora tiene 33
2025-03-07 12:26:13,152 - simpleExample - INFO - EEUU ha hecho una exigencia y pierde confianza ahora tiene 28
2025-03-07 12:26:14,157 - simpleExample - INFO - EEUU ha hecho una exigencia y pierde confianza ahora tiene 23
2025-03-07 12:26:15,365 - simpleExample - INFO - Ukraine ha hecho una exigencia y pierde confianza ahora tiene 42
2025-03-07 12:26:16,370 - simpleExample - INFO - Ukraine ha cedido ante una exigencia y gana confianza ahora tiene 47
2025-03-07 12:26:17,375 - simpleExample - INFO - Ukraine ha cedido ante una exigencia y gana confianza ahora tiene 52
2025-03-07 12:26:18,379 - simpleExample - INFO - EEUU ha cedido ante una exigencia y gana confianza ahora tiene 28
2025-03-07 12:26:19,591 - simpleExample - INFO - Ukraine ha cedido ante una exigencia y gana confianza ahora tiene 57
2025-03-07 12:26:21,420 - simpleExample - INFO - Ukraine ha hecho una exigencia y pierde confianza ahora tiene 52
2025-03-07 12:26:22,424 - simpleExample - INFO - EEUU ha salido y pierde toda su confianza ahora tiene 0
2025-03-07 12:27:56,675 - simpleExample - INFO - --------------------------Iniciando programa--------------------------
2025-03-07 12:27:56,675 - simpleExample - INFO - Inicializando País 1
2025-03-07 12:27:56,676 - simpleExample - INFO - Inicializando País 2
2025-03-07 12:27:56,678 - simpleExample - INFO - Ukraine ha hecho una exigencia y pierde confianza ahora tiene 95
2025-03-07 12:27:57,682 - simpleExample - INFO - Spain ha hecho una exigencia y pierde confianza ahora tiene 91
2025-03-07 12:27:58,687 - simpleExample - INFO - Ukraine ha hecho una exigencia y pierde confianza ahora tiene 90
2025-03-07 12:27:59,691 - simpleExample - INFO - Ukraine ha cedido ante una exigencia y gana confianza ahora tiene 95
2025-03-07 12:28:00,692 - simpleExample - INFO - A partir de ahora responderemos a las posibles preguntas y al final de cada reunión
2025-03-07 12:28:00,697 - simpleExample - INFO - Spain ha cedido ante una exigencia y gana confianza ahora tiene 96
2025-03-07 12:28:01,702 - simpleExample - INFO - Confianza maxima
2025-03-07 12:29:36,697 - simpleExample - INFO - --------------------------Iniciando programa--------------------------
2025-03-07 12:29:36,697 - simpleExample - INFO - Inicializando País 1
2025-03-07 12:29:36,697 - simpleExample - INFO - Inicializando País 2
2025-03-07 12:29:36,697 - simpleExample - INFO - A partir de ahora responderemos a las posibles preguntas y al final de cada reunión
2025-03-07 12:29:36,699 - simpleExample - INFO - EEUU ha hecho una exigencia y pierde confianza ahora tiene 81
2025-03-07 12:29:38,116 - simpleExample - INFO - Ukraine ha cedido ante una exigencia y gana confianza ahora tiene 97
2025-03-07 12:29:39,481 - simpleExample - INFO - EEUU ha hecho una exigencia y pierde confianza ahora tiene 76
2025-03-07 12:29:40,485 - simpleExample - INFO - Confianza maxima
2025-03-07 12:30:22,098 - simpleExample - INFO - --------------------------Iniciando programa--------------------------
2025-03-07 12:30:22,098 - simpleExample - INFO - Inicializando País 1
2025-03-07 12:30:22,098 - simpleExample - INFO - Inicializando País 2
2025-03-07 12:30:22,098 - simpleExample - INFO - Confianza máxima alcanzada, acuerdo completado
2025-03-07 12:31:07,208 - simpleExample - INFO - --------------------------Iniciando programa--------------------------
2025-03-07 12:31:07,208 - simpleExample - INFO - Inicializando País 1
2025-03-07 12:31:07,208 - simpleExample - INFO - Inicializando País 2
2025-03-07 12:31:07,209 - simpleExample - INFO - Confianza máxima alcanzada, acuerdo completado
2025-03-07 12:31:17,964 - simpleExample - INFO - --------------------------Iniciando programa--------------------------
2025-03-07 12:31:17,964 - simpleExample - INFO - Inicializando País 1
2025-03-07 12:31:17,964 - simpleExample - INFO - Inicializando País 2
2025-03-07 12:31:17,966 - simpleExample - INFO - Confianza máxima alcanzada, acuerdo completado
2025-03-07 12:32:00,627 - simpleExample - INFO - --------------------------Iniciando programa--------------------------
2025-03-07 12:32:00,627 - simpleExample - INFO - Inicializando País 1
2025-03-07 12:32:00,627 - simpleExample - INFO - Inicializando País 2
2025-03-07 12:32:00,629 - simpleExample - INFO - Confianza máxima alcanzada, acuerdo completado
2025-03-07 12:32:06,597 - simpleExample - INFO - --------------------------Iniciando programa--------------------------
2025-03-07 12:32:06,597 - simpleExample - INFO - Inicializando País 1
2025-03-07 12:32:06,597 - simpleExample - INFO - Inicializando País 2
2025-03-07 12:32:06,599 - simpleExample - INFO - Confianza máxima alcanzada, acuerdo completado
2025-03-07 12:32:35,853 - simpleExample - INFO - --------------------------Iniciando programa--------------------------
2025-03-07 12:32:35,853 - simpleExample - INFO - Inicializando País 1
2025-03-07 12:32:35,853 - simpleExample - INFO - Inicializando País 2
2025-03-07 12:32:35,855 - simpleExample - INFO - Confianza máxima alcanzada, acuerdo completado
2025-03-07 12:32:42,316 - simpleExample - INFO - --------------------------Iniciando programa--------------------------
2025-03-07 12:32:42,316 - simpleExample - INFO - Inicializando País 1
2025-03-07 12:32:42,316 - simpleExample - INFO - Inicializando País 2
2025-03-07 12:32:42,318 - simpleExample - INFO - EEUU ha cedido ante una exigencia y gana confianza ahora tiene 83
2025-03-07 12:32:43,322 - simpleExample - INFO - Confianza máxima alcanzada, acuerdo completado
2025-03-07 12:41:18,367 - simpleExample - INFO - --------------------------Iniciando programa--------------------------
2025-03-07 12:41:18,367 - simpleExample - INFO - --------------------------Iniciando programa--------------------------
2025-03-07 12:41:18,367 - simpleExample - INFO - --------------------------Iniciando programa--------------------------
2025-03-07 12:41:18,368 - simpleExample - INFO - Inicializando País 1
2025-03-07 12:41:18,368 - simpleExample - INFO - Inicializando País 1
2025-03-07 12:41:18,368 - simpleExample - INFO - Inicializando País 1
2025-03-07 12:41:18,368 - simpleExample - INFO - Inicializando País 2
2025-03-07 12:41:18,368 - simpleExample - INFO - Inicializando País 2
2025-03-07 12:41:18,368 - simpleExample - INFO - Inicializando País 2
2025-03-07 12:41:18,369 - simpleExample - INFO - EEUU ha cedido ante una exigencia y gana confianza ahora tiene 66
2025-03-07 12:41:18,369 - simpleExample - INFO - EEUU ha cedido ante una exigencia y gana confianza ahora tiene 66
2025-03-07 12:41:18,369 - simpleExample - INFO - EEUU ha cedido ante una exigencia y gana confianza ahora tiene 66
2025-03-07 12:41:19,374 - simpleExample - INFO - Spain ha hecho una exigencia y pierde confianza ahora tiene 86
2025-03-07 12:41:19,374 - simpleExample - INFO - Spain ha hecho una exigencia y pierde confianza ahora tiene 86
2025-03-07 12:41:19,374 - simpleExample - INFO - Spain ha hecho una exigencia y pierde confianza ahora tiene 86
2025-03-07 12:41:20,379 - simpleExample - INFO - EEUU ha hecho una exigencia y pierde confianza ahora tiene 61
2025-03-07 12:41:20,379 - simpleExample - INFO - EEUU ha hecho una exigencia y pierde confianza ahora tiene 61
2025-03-07 12:41:20,379 - simpleExample - INFO - EEUU ha hecho una exigencia y pierde confianza ahora tiene 61
2025-03-07 12:41:21,384 - simpleExample - INFO - EEUU ha cedido ante una exigencia y gana confianza ahora tiene 66
2025-03-07 12:41:21,384 - simpleExample - INFO - EEUU ha cedido ante una exigencia y gana confianza ahora tiene 66
2025-03-07 12:41:21,384 - simpleExample - INFO - EEUU ha cedido ante una exigencia y gana confianza ahora tiene 66
2025-03-07 12:41:22,385 - simpleExample - INFO - A partir de ahora responderemos a las posibles preguntas y al final de cada reunión
2025-03-07 12:41:22,385 - simpleExample - INFO - A partir de ahora responderemos a las posibles preguntas y al final de cada reunión
2025-03-07 12:41:22,385 - simpleExample - INFO - A partir de ahora responderemos a las posibles preguntas y al final de cada reunión
2025-03-07 12:41:22,390 - simpleExample - INFO - EEUU ha cedido ante una exigencia y gana confianza ahora tiene 71
2025-03-07 12:41:22,390 - simpleExample - INFO - EEUU ha cedido ante una exigencia y gana confianza ahora tiene 71
2025-03-07 12:41:22,390 - simpleExample - INFO - EEUU ha cedido ante una exigencia y gana confianza ahora tiene 71
2025-03-07 12:41:23,394 - simpleExample - INFO - Spain ha hecho una exigencia y pierde confianza ahora tiene 81
2025-03-07 12:41:23,394 - simpleExample - INFO - Spain ha hecho una exigencia y pierde confianza ahora tiene 81
2025-03-07 12:41:23,394 - simpleExample - INFO - Spain ha hecho una exigencia y pierde confianza ahora tiene 81
2025-03-07 12:41:24,399 - simpleExample - INFO - Spain ha hecho una exigencia y pierde confianza ahora tiene 76
2025-03-07 12:41:24,399 - simpleExample - INFO - Spain ha hecho una exigencia y pierde confianza ahora tiene 76
2025-03-07 12:41:24,399 - simpleExample - INFO - Spain ha hecho una exigencia y pierde confianza ahora tiene 76
2025-03-07 12:41:51,919 - simpleExample - INFO - {Periodistas.nombre} pregunta: {pregunta}
2025-03-07 12:41:51,919 - simpleExample - INFO - {Periodistas.nombre} pregunta: {pregunta}
2025-03-07 12:41:51,919 - simpleExample - INFO - {Periodistas.nombre} pregunta: {pregunta}
2025-03-07 12:43:08,211 - simpleExample - INFO - --------------------------Iniciando programa--------------------------
2025-03-07 12:43:08,211 - simpleExample - INFO - --------------------------Iniciando programa--------------------------
2025-03-07 12:43:08,211 - simpleExample - INFO - --------------------------Iniciando programa--------------------------
2025-03-07 12:43:08,211 - simpleExample - INFO - Inicializando País 1
2025-03-07 12:43:08,211 - simpleExample - INFO - Inicializando País 1
2025-03-07 12:43:08,211 - simpleExample - INFO - Inicializando País 1
2025-03-07 12:43:08,211 - simpleExample - INFO - Inicializando País 2
2025-03-07 12:43:08,211 - simpleExample - INFO - Inicializando País 2
2025-03-07 12:43:08,211 - simpleExample - INFO - Inicializando País 2
2025-03-07 12:43:08,213 - simpleExample - INFO - Spain ha cedido ante una exigencia y gana confianza ahora tiene 97
2025-03-07 12:43:08,213 - simpleExample - INFO - Spain ha cedido ante una exigencia y gana confianza ahora tiene 97
2025-03-07 12:43:08,213 - simpleExample - INFO - Spain ha cedido ante una exigencia y gana confianza ahora tiene 97
2025-03-07 12:43:09,217 - simpleExample - INFO - Ukraine ha hecho una exigencia y pierde confianza ahora tiene 75
2025-03-07 12:43:09,217 - simpleExample - INFO - Ukraine ha hecho una exigencia y pierde confianza ahora tiene 75
2025-03-07 12:43:09,217 - simpleExample - INFO - Ukraine ha hecho una exigencia y pierde confianza ahora tiene 75
2025-03-07 12:43:10,220 - simpleExample - INFO - Ukraine ha hecho una exigencia y pierde confianza ahora tiene 70
2025-03-07 12:43:10,220 - simpleExample - INFO - Ukraine ha hecho una exigencia y pierde confianza ahora tiene 70
2025-03-07 12:43:10,220 - simpleExample - INFO - Ukraine ha hecho una exigencia y pierde confianza ahora tiene 70
2025-03-07 12:43:11,223 - simpleExample - INFO - Spain ha hecho una exigencia y pierde confianza ahora tiene 92
2025-03-07 12:43:11,223 - simpleExample - INFO - Spain ha hecho una exigencia y pierde confianza ahora tiene 92
2025-03-07 12:43:11,223 - simpleExample - INFO - Spain ha hecho una exigencia y pierde confianza ahora tiene 92
2025-03-07 12:43:12,224 - simpleExample - INFO - A partir de ahora responderemos a las posibles preguntas y al final de cada reunión
2025-03-07 12:43:12,224 - simpleExample - INFO - A partir de ahora responderemos a las posibles preguntas y al final de cada reunión
2025-03-07 12:43:12,224 - simpleExample - INFO - A partir de ahora responderemos a las posibles preguntas y al final de cada reunión
2025-03-07 12:43:12,231 - simpleExample - INFO - Ukraine ha cedido ante una exigencia y gana confianza ahora tiene 75
2025-03-07 12:43:12,231 - simpleExample - INFO - Ukraine ha cedido ante una exigencia y gana confianza ahora tiene 75
2025-03-07 12:43:12,231 - simpleExample - INFO - Ukraine ha cedido ante una exigencia y gana confianza ahora tiene 75
2025-03-07 12:43:13,236 - simpleExample - INFO - Ukraine ha hecho una exigencia y pierde confianza ahora tiene 70
2025-03-07 12:43:13,236 - simpleExample - INFO - Ukraine ha hecho una exigencia y pierde confianza ahora tiene 70
2025-03-07 12:43:13,236 - simpleExample - INFO - Ukraine ha hecho una exigencia y pierde confianza ahora tiene 70
2025-03-07 12:43:14,241 - simpleExample - INFO - Spain ha hecho una exigencia y pierde confianza ahora tiene 87
2025-03-07 12:43:14,241 - simpleExample - INFO - Spain ha hecho una exigencia y pierde confianza ahora tiene 87
2025-03-07 12:43:14,241 - simpleExample - INFO - Spain ha hecho una exigencia y pierde confianza ahora tiene 87
2025-03-07 12:43:15,246 - simpleExample - INFO - Spain ha cedido ante una exigencia y gana confianza ahora tiene 92
2025-03-07 12:43:15,246 - simpleExample - INFO - Spain ha cedido ante una exigencia y gana confianza ahora tiene 92
2025-03-07 12:43:15,246 - simpleExample - INFO - Spain ha cedido ante una exigencia y gana confianza ahora tiene 92
2025-03-07 12:43:19,858 - simpleExample - INFO - {Periodistas.nombre} pregunta: {pregunta}
2025-03-07 12:43:19,858 - simpleExample - INFO - {Periodistas.nombre} pregunta: {pregunta}
2025-03-07 12:43:19,858 - simpleExample - INFO - {Periodistas.nombre} pregunta: {pregunta}
2025-03-07 12:46:50,900 - simpleExample - INFO - --------------------------Iniciando programa--------------------------
2025-03-07 12:46:50,900 - simpleExample - INFO - --------------------------Iniciando programa--------------------------
2025-03-07 12:46:50,900 - simpleExample - INFO - --------------------------Iniciando programa--------------------------
2025-03-07 12:46:50,900 - simpleExample - INFO - Inicializando País 1
2025-03-07 12:46:50,900 - simpleExample - INFO - Inicializando País 1
2025-03-07 12:46:50,900 - simpleExample - INFO - Inicializando País 1
2025-03-07 12:46:50,900 - simpleExample - INFO - Inicializando País 2
2025-03-07 12:46:50,900 - simpleExample - INFO - Inicializando País 2
2025-03-07 12:46:50,900 - simpleExample - INFO - Inicializando País 2
2025-03-07 12:46:50,902 - simpleExample - INFO - Ukraine ha hecho una exigencia y pierde confianza ahora tiene 44
2025-03-07 12:46:50,902 - simpleExample - INFO - Ukraine ha hecho una exigencia y pierde confianza ahora tiene 44
2025-03-07 12:46:50,902 - simpleExample - INFO - Ukraine ha hecho una exigencia y pierde confianza ahora tiene 44
2025-03-07 12:46:51,907 - simpleExample - INFO - Ukraine ha hecho una exigencia y pierde confianza ahora tiene 39
2025-03-07 12:46:51,907 - simpleExample - INFO - Ukraine ha hecho una exigencia y pierde confianza ahora tiene 39
2025-03-07 12:46:51,907 - simpleExample - INFO - Ukraine ha hecho una exigencia y pierde confianza ahora tiene 39
2025-03-07 12:46:52,910 - simpleExample - INFO - EEUU ha hecho una exigencia y pierde confianza ahora tiene 61
2025-03-07 12:46:52,910 - simpleExample - INFO - EEUU ha hecho una exigencia y pierde confianza ahora tiene 61
2025-03-07 12:46:52,910 - simpleExample - INFO - EEUU ha hecho una exigencia y pierde confianza ahora tiene 61
2025-03-07 12:46:53,915 - simpleExample - INFO - EEUU ha cedido ante una exigencia y gana confianza ahora tiene 66
2025-03-07 12:46:53,915 - simpleExample - INFO - EEUU ha cedido ante una exigencia y gana confianza ahora tiene 66
2025-03-07 12:46:53,915 - simpleExample - INFO - EEUU ha cedido ante una exigencia y gana confianza ahora tiene 66
2025-03-07 12:46:54,916 - simpleExample - INFO - A partir de ahora responderemos a las posibles preguntas y al final de cada reunión
2025-03-07 12:46:54,916 - simpleExample - INFO - A partir de ahora responderemos a las posibles preguntas y al final de cada reunión
2025-03-07 12:46:54,916 - simpleExample - INFO - A partir de ahora responderemos a las posibles preguntas y al final de cada reunión
2025-03-07 12:46:54,921 - simpleExample - INFO - Ukraine ha hecho una exigencia y pierde confianza ahora tiene 34
2025-03-07 12:46:54,921 - simpleExample - INFO - Ukraine ha hecho una exigencia y pierde confianza ahora tiene 34
2025-03-07 12:46:54,921 - simpleExample - INFO - Ukraine ha hecho una exigencia y pierde confianza ahora tiene 34
2025-03-07 12:46:59,944 - simpleExample - INFO - ABC pregunta: How do you evaluate project progress?
2025-03-07 12:46:59,944 - simpleExample - INFO - ABC pregunta: How do you evaluate project progress?
2025-03-07 12:46:59,944 - simpleExample - INFO - ABC pregunta: How do you evaluate project progress?
2025-03-07 12:47:50,597 - simpleExample - INFO - --------------------------Iniciando programa--------------------------
2025-03-07 12:47:50,597 - simpleExample - INFO - --------------------------Iniciando programa--------------------------
2025-03-07 12:47:50,597 - simpleExample - INFO - --------------------------Iniciando programa--------------------------
2025-03-07 12:47:50,597 - simpleExample - INFO - Inicializando País 1
2025-03-07 12:47:50,597 - simpleExample - INFO - Inicializando País 1
2025-03-07 12:47:50,597 - simpleExample - INFO - Inicializando País 1
2025-03-07 12:47:50,597 - simpleExample - INFO - Inicializando País 2
2025-03-07 12:47:50,597 - simpleExample - INFO - Inicializando País 2
2025-03-07 12:47:50,597 - simpleExample - INFO - Inicializando País 2
2025-03-07 12:47:50,599 - simpleExample - INFO - EEUU ha hecho una exigencia y pierde confianza ahora tiene 60
2025-03-07 12:47:50,599 - simpleExample - INFO - EEUU ha hecho una exigencia y pierde confianza ahora tiene 60
2025-03-07 12:47:50,599 - simpleExample - INFO - EEUU ha hecho una exigencia y pierde confianza ahora tiene 60
2025-03-07 12:47:51,601 - simpleExample - INFO - Ukraine ha cedido ante una exigencia y gana confianza ahora tiene 47
2025-03-07 12:47:51,601 - simpleExample - INFO - Ukraine ha cedido ante una exigencia y gana confianza ahora tiene 47
2025-03-07 12:47:51,601 - simpleExample - INFO - Ukraine ha cedido ante una exigencia y gana confianza ahora tiene 47
2025-03-07 12:47:52,605 - simpleExample - INFO - EEUU ha cedido ante una exigencia y gana confianza ahora tiene 65
2025-03-07 12:47:52,605 - simpleExample - INFO - EEUU ha cedido ante una exigencia y gana confianza ahora tiene 65
2025-03-07 12:47:52,605 - simpleExample - INFO - EEUU ha cedido ante una exigencia y gana confianza ahora tiene 65
2025-03-07 12:47:53,610 - simpleExample - INFO - EEUU ha hecho una exigencia y pierde confianza ahora tiene 60
2025-03-07 12:47:53,610 - simpleExample - INFO - EEUU ha hecho una exigencia y pierde confianza ahora tiene 60
2025-03-07 12:47:53,610 - simpleExample - INFO - EEUU ha hecho una exigencia y pierde confianza ahora tiene 60
2025-03-07 12:47:54,611 - simpleExample - INFO - A partir de ahora responderemos a las posibles preguntas y al final de cada reunión
2025-03-07 12:47:54,611 - simpleExample - INFO - A partir de ahora responderemos a las posibles preguntas y al final de cada reunión
2025-03-07 12:47:54,611 - simpleExample - INFO - A partir de ahora responderemos a las posibles preguntas y al final de cada reunión
2025-03-07 12:47:54,616 - simpleExample - INFO - Ukraine ha cedido ante una exigencia y gana confianza ahora tiene 52
2025-03-07 12:47:54,616 - simpleExample - INFO - Ukraine ha cedido ante una exigencia y gana confianza ahora tiene 52
2025-03-07 12:47:54,616 - simpleExample - INFO - Ukraine ha cedido ante una exigencia y gana confianza ahora tiene 52
2025-03-07 12:47:58,958 - simpleExample - INFO - The Times pregunta: How do you evaluate project progress?
2025-03-07 12:47:58,958 - simpleExample - INFO - The Times pregunta: How do you evaluate project progress?
2025-03-07 12:47:58,958 - simpleExample - INFO - The Times pregunta: How do you evaluate project progress?
2025-03-07 12:47:58,975 - simpleExample - INFO - Ukraine responde: We are happy with the progress made, although there's always room for improvement.
2025-03-07 12:47:58,975 - simpleExample - INFO - Ukraine responde: We are happy with the progress made, although there's always room for improvement.
2025-03-07 12:47:58,975 - simpleExample - INFO - Ukraine responde: We are happy with the progress made, although there's always room for improvement.
2025-03-07 12:48:00,202 - simpleExample - INFO - EEUU ha cedido ante una exigencia y gana confianza ahora tiene 65
2025-03-07 12:48:00,202 - simpleExample - INFO - EEUU ha cedido ante una exigencia y gana confianza ahora tiene 65
2025-03-07 12:48:00,202 - simpleExample - INFO - EEUU ha cedido ante una exigencia y gana confianza ahora tiene 65
2025-03-07 12:48:05,336 - simpleExample - INFO - The New York Times pregunta: How do you evaluate project progress?
2025-03-07 12:48:05,336 - simpleExample - INFO - The New York Times pregunta: How do you evaluate project progress?
2025-03-07 12:48:05,336 - simpleExample - INFO - The New York Times pregunta: How do you evaluate project progress?
2025-03-07 12:48:05,338 - simpleExample - INFO - EEUU responde: The progress made so far is encouraging, but we will continue working to achieve the best possible solution.
2025-03-07 12:48:05,338 - simpleExample - INFO - EEUU responde: The progress made so far is encouraging, but we will continue working to achieve the best possible solution.
2025-03-07 12:48:05,338 - simpleExample - INFO - EEUU responde: The progress made so far is encouraging, but we will continue working to achieve the best possible solution.
2025-03-07 12:48:06,526 - simpleExample - INFO - Ukraine ha hecho una exigencia y pierde confianza ahora tiene 47
2025-03-07 12:48:06,526 - simpleExample - INFO - Ukraine ha hecho una exigencia y pierde confianza ahora tiene 47
2025-03-07 12:48:06,526 - simpleExample - INFO - Ukraine ha hecho una exigencia y pierde confianza ahora tiene 47
2025-03-07 12:48:09,509 - simpleExample - INFO - La Razón pregunta: How do you evaluate project progress?
2025-03-07 12:48:09,509 - simpleExample - INFO - La Razón pregunta: How do you evaluate project progress?
2025-03-07 12:48:09,509 - simpleExample - INFO - La Razón pregunta: How do you evaluate project progress?
2025-03-07 12:48:09,510 - simpleExample - INFO - Ukraine responde: We are happy with the progress made, although there's always room for improvement.
2025-03-07 12:48:09,510 - simpleExample - INFO - Ukraine responde: We are happy with the progress made, although there's always room for improvement.
2025-03-07 12:48:09,510 - simpleExample - INFO - Ukraine responde: We are happy with the progress made, although there's always room for improvement.
2025-03-07 12:48:10,703 - simpleExample - INFO - EEUU ha hecho una exigencia y pierde confianza ahora tiene 60
2025-03-07 12:48:10,703 - simpleExample - INFO - EEUU ha hecho una exigencia y pierde confianza ahora tiene 60
2025-03-07 12:48:10,703 - simpleExample - INFO - EEUU ha hecho una exigencia y pierde confianza ahora tiene 60
2025-03-07 12:48:11,708 - simpleExample - INFO - EEUU ha cedido ante una exigencia y gana confianza ahora tiene 65
2025-03-07 12:48:11,708 - simpleExample - INFO - EEUU ha cedido ante una exigencia y gana confianza ahora tiene 65
2025-03-07 12:48:11,708 - simpleExample - INFO - EEUU ha cedido ante una exigencia y gana confianza ahora tiene 65
2025-03-07 12:48:12,713 - simpleExample - INFO - Ukraine ha hecho una exigencia y pierde confianza ahora tiene 42
2025-03-07 12:48:12,713 - simpleExample - INFO - Ukraine ha hecho una exigencia y pierde confianza ahora tiene 42
2025-03-07 12:48:12,713 - simpleExample - INFO - Ukraine ha hecho una exigencia y pierde confianza ahora tiene 42
2025-03-07 12:48:18,968 - simpleExample - INFO - The Wall Street Journal pregunta: How do you assess the progress of the project?
2025-03-07 12:48:18,968 - simpleExample - INFO - The Wall Street Journal pregunta: How do you assess the progress of the project?
2025-03-07 12:48:18,968 - simpleExample - INFO - The Wall Street Journal pregunta: How do you assess the progress of the project?
2025-03-07 12:48:18,972 - simpleExample - INFO - Ukraine responde: We've made good progress, and we're focused on continuing to work on the remaining issues.
2025-03-07 12:48:18,972 - simpleExample - INFO - Ukraine responde: We've made good progress, and we're focused on continuing to work on the remaining issues.
2025-03-07 12:48:18,972 - simpleExample - INFO - Ukraine responde: We've made good progress, and we're focused on continuing to work on the remaining issues.
2025-03-07 12:48:20,144 - simpleExample - INFO - EEUU ha cedido ante una exigencia y gana confianza ahora tiene 70
2025-03-07 12:48:20,144 - simpleExample - INFO - EEUU ha cedido ante una exigencia y gana confianza ahora tiene 70
2025-03-07 12:48:20,144 - simpleExample - INFO - EEUU ha cedido ante una exigencia y gana confianza ahora tiene 70
2025-03-07 12:48:35,950 - simpleExample - INFO - ABC pregunta: How do you assess the progress of the project?
2025-03-07 12:48:35,950 - simpleExample - INFO - ABC pregunta: How do you assess the progress of the project?
2025-03-07 12:48:35,950 - simpleExample - INFO - ABC pregunta: How do you assess the progress of the project?
2025-03-07 12:48:35,951 - simpleExample - INFO - EEUU responde: Progress is being made, and we continue to engage with both parties to finalize all points.
2025-03-07 12:48:35,951 - simpleExample - INFO - EEUU responde: Progress is being made, and we continue to engage with both parties to finalize all points.
2025-03-07 12:48:35,951 - simpleExample - INFO - EEUU responde: Progress is being made, and we continue to engage with both parties to finalize all points.
2025-03-07 12:48:37,190 - simpleExample - INFO - EEUU ha cedido ante una exigencia y gana confianza ahora tiene 75
2025-03-07 12:48:37,190 - simpleExample - INFO - EEUU ha cedido ante una exigencia y gana confianza ahora tiene 75
2025-03-07 12:48:37,190 - simpleExample - INFO - EEUU ha cedido ante una exigencia y gana confianza ahora tiene 75
2025-03-07 12:48:53,908 - simpleExample - INFO - The Washington Post pregunta: How do you assess the progress of the project?
2025-03-07 12:48:53,908 - simpleExample - INFO - The Washington Post pregunta: How do you assess the progress of the project?
2025-03-07 12:48:53,908 - simpleExample - INFO - The Washington Post pregunta: How do you assess the progress of the project?
2025-03-07 12:48:53,912 - simpleExample - INFO - Ukraine responde: Negotiations have progressed, but we are committed to continuing to work on the details that remain.
2025-03-07 12:48:53,912 - simpleExample - INFO - Ukraine responde: Negotiations have progressed, but we are committed to continuing to work on the details that remain.
2025-03-07 12:48:53,912 - simpleExample - INFO - Ukraine responde: Negotiations have progressed, but we are committed to continuing to work on the details that remain.
2025-03-07 12:48:55,116 - simpleExample - INFO - EEUU ha cedido ante una exigencia y gana confianza ahora tiene 80
2025-03-07 12:48:55,116 - simpleExample - INFO - EEUU ha cedido ante una exigencia y gana confianza ahora tiene 80
2025-03-07 12:48:55,116 - simpleExample - INFO - EEUU ha cedido ante una exigencia y gana confianza ahora tiene 80
2025-03-07 12:48:56,121 - simpleExample - INFO - EEUU ha cedido ante una exigencia y gana confianza ahora tiene 85
2025-03-07 12:48:56,121 - simpleExample - INFO - EEUU ha cedido ante una exigencia y gana confianza ahora tiene 85
2025-03-07 12:48:56,121 - simpleExample - INFO - EEUU ha cedido ante una exigencia y gana confianza ahora tiene 85
2025-03-07 12:48:57,125 - simpleExample - INFO - Ukraine ha hecho una exigencia y pierde confianza ahora tiene 37
2025-03-07 12:48:57,125 - simpleExample - INFO - Ukraine ha hecho una exigencia y pierde confianza ahora tiene 37
2025-03-07 12:48:57,125 - simpleExample - INFO - Ukraine ha hecho una exigencia y pierde confianza ahora tiene 37
<<<<<<< Updated upstream
2025-03-07 13:31:21,040 - simpleExample - INFO - La Vanguardia pregunta: & C:/Users/Usuario/Documents/DiplomaticSupport/.venv/Scripts/python.exe c:/Users/Usuario/Documents/DiplomaticSupport/App.py
2025-03-07 13:31:21,040 - simpleExample - INFO - La Vanguardia pregunta: & C:/Users/Usuario/Documents/DiplomaticSupport/.venv/Scripts/python.exe c:/Users/Usuario/Documents/DiplomaticSupport/App.py
2025-03-07 13:31:21,040 - simpleExample - INFO - La Vanguardia pregunta: & C:/Users/Usuario/Documents/DiplomaticSupport/.venv/Scripts/python.exe c:/Users/Usuario/Documents/DiplomaticSupport/App.py
2025-03-07 13:31:21,041 - simpleExample - INFO - Ukraine responde: Disagreements are over. Now we're focused on the agreement reached, and that's what counts.
2025-03-07 13:31:21,041 - simpleExample - INFO - Ukraine responde: Disagreements are over. Now we're focused on the agreement reached, and that's what counts.
2025-03-07 13:31:21,041 - simpleExample - INFO - Ukraine responde: Disagreements are over. Now we're focused on the agreement reached, and that's what counts.
2025-03-07 13:31:22,433 - simpleExample - INFO - Ukraine ha cedido ante una exigencia y gana confianza ahora tiene 42
2025-03-07 13:31:22,433 - simpleExample - INFO - Ukraine ha cedido ante una exigencia y gana confianza ahora tiene 42
2025-03-07 13:31:22,433 - simpleExample - INFO - Ukraine ha cedido ante una exigencia y gana confianza ahora tiene 42
2025-03-07 13:31:23,438 - simpleExample - INFO - EEUU ha cedido ante una exigencia y gana confianza ahora tiene 90
2025-03-07 13:31:23,438 - simpleExample - INFO - EEUU ha cedido ante una exigencia y gana confianza ahora tiene 90
2025-03-07 13:31:23,438 - simpleExample - INFO - EEUU ha cedido ante una exigencia y gana confianza ahora tiene 90
2025-03-07 13:31:24,443 - simpleExample - INFO - Ukraine ha cedido ante una exigencia y gana confianza ahora tiene 47
2025-03-07 13:31:24,443 - simpleExample - INFO - Ukraine ha cedido ante una exigencia y gana confianza ahora tiene 47
2025-03-07 13:31:24,443 - simpleExample - INFO - Ukraine ha cedido ante una exigencia y gana confianza ahora tiene 47
2025-03-07 13:31:33,695 - simpleExample - INFO - --------------------------Iniciando programa--------------------------
2025-03-07 13:31:33,695 - simpleExample - INFO - --------------------------Iniciando programa--------------------------
2025-03-07 13:31:33,695 - simpleExample - INFO - --------------------------Iniciando programa--------------------------
2025-03-07 13:31:33,696 - simpleExample - INFO - Inicializando País 1
2025-03-07 13:31:33,696 - simpleExample - INFO - Inicializando País 1
2025-03-07 13:31:33,696 - simpleExample - INFO - Inicializando País 1
2025-03-07 13:31:33,696 - simpleExample - INFO - Inicializando País 2
2025-03-07 13:31:33,696 - simpleExample - INFO - Inicializando País 2
2025-03-07 13:31:33,696 - simpleExample - INFO - Inicializando País 2
2025-03-07 13:31:33,696 - simpleExample - INFO - Ukraine ha hecho una exigencia y pierde confianza ahora tiene 40
2025-03-07 13:31:33,696 - simpleExample - INFO - Ukraine ha hecho una exigencia y pierde confianza ahora tiene 40
2025-03-07 13:31:33,696 - simpleExample - INFO - Ukraine ha hecho una exigencia y pierde confianza ahora tiene 40
2025-03-07 13:31:34,699 - simpleExample - INFO - EEUU ha cedido ante una exigencia y gana confianza ahora tiene 69
2025-03-07 13:31:34,699 - simpleExample - INFO - EEUU ha cedido ante una exigencia y gana confianza ahora tiene 69
2025-03-07 13:31:34,699 - simpleExample - INFO - EEUU ha cedido ante una exigencia y gana confianza ahora tiene 69
2025-03-07 13:31:35,703 - simpleExample - INFO - EEUU ha hecho una exigencia y pierde confianza ahora tiene 64
2025-03-07 13:31:35,703 - simpleExample - INFO - EEUU ha hecho una exigencia y pierde confianza ahora tiene 64
2025-03-07 13:31:35,703 - simpleExample - INFO - EEUU ha hecho una exigencia y pierde confianza ahora tiene 64
2025-03-07 13:31:36,709 - simpleExample - INFO - Ukraine ha hecho una exigencia y pierde confianza ahora tiene 35
2025-03-07 13:31:36,709 - simpleExample - INFO - Ukraine ha hecho una exigencia y pierde confianza ahora tiene 35
2025-03-07 13:31:36,709 - simpleExample - INFO - Ukraine ha hecho una exigencia y pierde confianza ahora tiene 35
2025-03-07 13:31:37,710 - simpleExample - INFO - A partir de ahora responderemos a las posibles preguntas y al final de cada reunión
2025-03-07 13:31:37,710 - simpleExample - INFO - A partir de ahora responderemos a las posibles preguntas y al final de cada reunión
2025-03-07 13:31:37,710 - simpleExample - INFO - A partir de ahora responderemos a las posibles preguntas y al final de cada reunión
2025-03-07 13:31:37,715 - simpleExample - INFO - EEUU ha cedido ante una exigencia y gana confianza ahora tiene 69
2025-03-07 13:31:37,715 - simpleExample - INFO - EEUU ha cedido ante una exigencia y gana confianza ahora tiene 69
2025-03-07 13:31:37,715 - simpleExample - INFO - EEUU ha cedido ante una exigencia y gana confianza ahora tiene 69
2025-03-07 13:31:38,719 - simpleExample - INFO - Ukraine ha hecho una exigencia y pierde confianza ahora tiene 30
2025-03-07 13:31:38,719 - simpleExample - INFO - Ukraine ha hecho una exigencia y pierde confianza ahora tiene 30
2025-03-07 13:31:38,719 - simpleExample - INFO - Ukraine ha hecho una exigencia y pierde confianza ahora tiene 30
=======
2025-03-07 13:34:02,851 - simpleExample - INFO - --------------------------Iniciando programa--------------------------
2025-03-07 13:34:02,851 - simpleExample - INFO - --------------------------Iniciando programa--------------------------
2025-03-07 13:34:02,851 - simpleExample - INFO - --------------------------Iniciando programa--------------------------
2025-03-07 13:34:02,851 - simpleExample - INFO - Inicializando País 1
2025-03-07 13:34:02,851 - simpleExample - INFO - Inicializando País 1
2025-03-07 13:34:02,851 - simpleExample - INFO - Inicializando País 1
>>>>>>> Stashed changes
